Build started 2017/10/31 10:55:55.
     1>Project "C:\Users\T5\Documents\Visual Studio 2013\Projects\project1\Q64\Q64.vcxproj" on node 7 (Rebuild target(s)).
     1>ClCompile:
         F:\visual studio 2013\VC\bin\CL.exe /c /ZI /W3 /WX- /sdl /Od /Oy- /D _MBCS /Gm /EHsc /RTC1 /MDd /GS /fp:precise /Zc:wchar_t /Zc:forScope /Fo"Debug\\" /Fd"Debug\vc120.pdb" /Gd /TP /analyze- /errorReport:prompt Source.cpp
         Microsoft (R) C/C++ Optimizing Compiler Version 18.00.31101 for x86
         Copyright (C) Microsoft Corporation.  All rights reserved.
         
         cl /c /ZI /W3 /WX- /sdl /Od /Oy- /D _MBCS /Gm /EHsc /RTC1 /MDd /GS /fp:precise /Zc:wchar_t /Zc:forScope /Fo"Debug\\" /Fd"Debug\vc120.pdb" /Gd /TP /analyze- /errorReport:prompt Source.cpp
         
         Source.cpp
     1>c:\users\t5\documents\visual studio 2013\projects\project1\q64\source.cpp(30): warning C4244: 'argument' : conversion from '__int64' to 'unsigned int', possible loss of data
     1>c:\users\t5\documents\visual studio 2013\projects\project1\q64\source.cpp(33): warning C4244: 'argument' : conversion from '__int64' to 'unsigned int', possible loss of data
     1>c:\users\t5\documents\visual studio 2013\projects\project1\q64\source.cpp(36): warning C4244: 'argument' : conversion from '__int64' to 'unsigned int', possible loss of data
     1>c:\users\t5\documents\visual studio 2013\projects\project1\q64\source.cpp(39): warning C4244: 'argument' : conversion from '__int64' to 'unsigned int', possible loss of data
     1>c:\users\t5\documents\visual studio 2013\projects\project1\q64\source.cpp(42): warning C4244: 'argument' : conversion from '__int64' to 'unsigned int', possible loss of data
     1>c:\users\t5\documents\visual studio 2013\projects\project1\q64\source.cpp(45): warning C4244: 'argument' : conversion from '__int64' to 'unsigned int', possible loss of data
     1>c:\users\t5\documents\visual studio 2013\projects\project1\q64\source.cpp(48): warning C4244: 'argument' : conversion from '__int64' to 'unsigned int', possible loss of data
     1>c:\users\t5\documents\visual studio 2013\projects\project1\q64\source.cpp(51): warning C4244: 'argument' : conversion from '__int64' to 'unsigned int', possible loss of data
     1>c:\users\t5\documents\visual studio 2013\projects\project1\q64\source.cpp(54): warning C4244: 'argument' : conversion from '__int64' to 'unsigned int', possible loss of data
     1>c:\users\t5\documents\visual studio 2013\projects\project1\q64\source.cpp(57): warning C4244: 'argument' : conversion from '__int64' to 'unsigned int', possible loss of data
     1>c:\users\t5\documents\visual studio 2013\projects\project1\q64\source.cpp(60): warning C4244: 'argument' : conversion from '__int64' to 'unsigned int', possible loss of data
     1>c:\users\t5\documents\visual studio 2013\projects\project1\q64\source.cpp(63): warning C4244: 'argument' : conversion from '__int64' to 'unsigned int', possible loss of data
     1>c:\users\t5\documents\visual studio 2013\projects\project1\q64\source.cpp(66): warning C4244: 'argument' : conversion from '__int64' to 'unsigned int', possible loss of data
       Link:
         F:\visual studio 2013\VC\bin\link.exe /ERRORREPORT:PROMPT /OUT:"C:\Users\T5\Documents\Visual Studio 2013\Projects\project1\Debug\Q64.exe" /INCREMENTAL kernel32.lib user32.lib gdi32.lib winspool.lib comdlg32.lib advapi32.lib shell32.lib ole32.lib oleaut32.lib uuid.lib odbc32.lib odbccp32.lib /MANIFEST /MANIFESTUAC:"level='asInvoker' uiAccess='false'" /manifest:embed /DEBUG /PDB:"C:\Users\T5\Documents\Visual Studio 2013\Projects\project1\Debug\Q64.pdb" /TLBID:1 /DYNAMICBASE /NXCOMPAT /IMPLIB:"C:\Users\T5\Documents\Visual Studio 2013\Projects\project1\Debug\Q64.lib" /MACHINE:X86 Debug\Source.obj
         Microsoft (R) Incremental Linker Version 12.00.31101.0
         Copyright (C) Microsoft Corporation.  All rights reserved.
         
         "/OUT:C:\Users\T5\Documents\Visual Studio 2013\Projects\project1\Debug\Q64.exe" /INCREMENTAL kernel32.lib user32.lib gdi32.lib winspool.lib comdlg32.lib advapi32.lib shell32.lib ole32.lib oleaut32.lib uuid.lib odbc32.lib odbccp32.lib /MANIFEST "/MANIFESTUAC:level='asInvoker' uiAccess='false'" /manifest:embed /DEBUG "/PDB:C:\Users\T5\Documents\Visual Studio 2013\Projects\project1\Debug\Q64.pdb" /TLBID:1 /DYNAMICBASE /NXCOMPAT "/IMPLIB:C:\Users\T5\Documents\Visual Studio 2013\Projects\project1\Debug\Q64.lib" /MACHINE:X86 Debug\Source.obj 
         Q64.vcxproj -> C:\Users\T5\Documents\Visual Studio 2013\Projects\project1\Debug\Q64.exe
     1>Done Building Project "C:\Users\T5\Documents\Visual Studio 2013\Projects\project1\Q64\Q64.vcxproj" (Rebuild target(s)).

Build succeeded.

Time Elapsed 00:00:03.42
